
Starting Tournament: neural_v2_search (Fallback=True) vs random
Loaded Neural Policy v2 from /app/phase_5/src/nn/../../models/imitation_v2.pt
--------------------------------------------------
Tournament Results: neural_v2_search vs random
Games Played:       50
Wins:               45
Losses:             5
Win Rate:           90.0% ± 8.3% (95% CI)
Crashes:            0
Timeouts:           0
Illegal Actions:    0
Average Steps:      157.6
Median Steps:       163.0
Avg Decision Time:  38.23 ms
p95 Decision Time:  89.48 ms
Max Decision Time:  161.96 ms
--------------------------------------------------
--------------------------------------------------
Search Integrity Report
--------------------------------------------------

[search_begin]
  Attempts:     4157
  Successes:    4157
  Failures:     0
  Success Rate: 100.0%

[search_step]
  Attempts:     31795
  Successes:    31795
  Failures:     0
  Success Rate: 100.0%

[action_eval]
  Successes:    31795
  Failures:     0
  Total Legal:  31795
  Coverage:     100.0%

[decisions]
  Total:           4362
  Search-driven:   4157
  Fallback:        0
  Trivial (1 opt): 205
  Multi-select:    0
  Fallback Rate:   0.0%
--------------------------------------------------
