Loaded Neural Policy v2 from /app/phase_5/src/nn/../../models/imitation_v2.pt

============================================================
  beam_search vs lucario  (100 games)
============================================================
  Win Rate:        29.0% ± 8.9%
  Wins/Losses:     29/71
  Crashes:         0
  Timeouts:        0
  Avg Steps:       135.8
  Avg Decision:    40.69 ms
  p95 Decision:    91.35 ms
  Max Decision:    172.66 ms
  Fallback Rate:   4.5%
  Search Begin:    5728 ok / 0 fail
  Search Step:     39471 ok / 0 fail
============================================================

======================================================================
  OPPONENT LADDER SUMMARY
======================================================================
  Opponent          Win Rate     CI 95%    Games    Crashes
  -------------------------------------------------------
  lucario             29.0%      8.9%      100          0
======================================================================

Results saved to /app/phase_5/src/eval/ladder_results.json
