Loaded Neural Policy v2 from /app/phase_5/src/nn/../../models/imitation_v2.pt

============================================================
  beam_search vs abomasnow  (100 games)
============================================================
  Win Rate:        9.0% ± 5.6%
  Wins/Losses:     9/91
  Crashes:         0
  Timeouts:        0
  Avg Steps:       102.5
  Avg Decision:    40.51 ms
  p95 Decision:    90.89 ms
  Max Decision:    156.45 ms
  Fallback Rate:   4.6%
  Search Begin:    5888 ok / 0 fail
  Search Step:     42197 ok / 0 fail
============================================================

======================================================================
  OPPONENT LADDER SUMMARY
======================================================================
  Opponent          Win Rate     CI 95%    Games    Crashes
  -------------------------------------------------------
  abomasnow            9.0%      5.6%      100          0
======================================================================

Results saved to /app/phase_5/src/eval/ladder_results.json
