Loaded Neural Policy v2 from /app/phase_5/src/nn/../../models/imitation_v2.pt

============================================================
  beam_search vs dragapult  (100 games)
============================================================
  Win Rate:        6.0% ± 4.7%
  Wins/Losses:     6/94
  Crashes:         0
  Timeouts:        0
  Avg Steps:       132.5
  Avg Decision:    33.37 ms
  p95 Decision:    79.14 ms
  Max Decision:    167.48 ms
  Fallback Rate:   5.1%
  Search Begin:    4567 ok / 0 fail
  Search Step:     27364 ok / 0 fail
============================================================

======================================================================
  OPPONENT LADDER SUMMARY
======================================================================
  Opponent          Win Rate     CI 95%    Games    Crashes
  -------------------------------------------------------
  dragapult            6.0%      4.7%      100          0
======================================================================

Results saved to /app/phase_5/src/eval/ladder_results.json
